<?xml version="1.0" encoding="UTF-8"?>
<!-- Generated by org.testng.reporters.JUnitReportReporter -->
<testsuite hostname="Daniels-MacBook-Pro.local" name="com.webdriver.qa.automation.btr.testcases.login.TestInvalidLogin" tests="1" failures="0" timestamp="14 May 2012 20:29:23 GMT" time="5.533" errors="0">
  <testcase name="testInvalidCredentials" time="5.533" classname="com.webdriver.qa.automation.btr.testcases.login.TestInvalidLogin"/>
</testsuite> <!-- com.webdriver.qa.automation.btr.testcases.login.TestInvalidLogin -->
