<?xml version="1.0" encoding="UTF-8"?>
<!-- Generated by org.testng.reporters.JUnitReportReporter -->
<testsuite hostname="new-host.home" name="com.webdriver.qa.automation.ams.testcases.login.TestAMSSuccessfulLogin" tests="1" failures="0" timestamp="18 May 2012 05:05:23 GMT" time="7.542" errors="0">
  <testcase name="testSuccessfulLogin" time="7.542" classname="com.webdriver.qa.automation.ams.testcases.login.TestAMSSuccessfulLogin"/>
</testsuite> <!-- com.webdriver.qa.automation.ams.testcases.login.TestAMSSuccessfulLogin -->
