<?xml version="1.0" encoding="UTF-8"?>
<!-- Generated by org.testng.reporters.JUnitReportReporter -->
<testsuite hostname="Daniels-MacBook-Pro.local" name="com.webdriver.qa.automation.btr.testcases.login.TestSuccessfulLogin" tests="1" failures="0" timestamp="14 May 2012 20:29:23 GMT" time="5.348" errors="0">
  <testcase name="testSuccessfulLogin" time="5.348" classname="com.webdriver.qa.automation.btr.testcases.login.TestSuccessfulLogin"/>
</testsuite> <!-- com.webdriver.qa.automation.btr.testcases.login.TestSuccessfulLogin -->
