<?xml version="1.0" encoding="UTF-8"?>
<!-- Generated by org.testng.reporters.JUnitReportReporter -->
<testsuite hostname="new-host.home" name="com.webdriver.qa.automation.ams.testcases.login.TestAMSInexistantUserLogin" tests="1" failures="0" timestamp="24 Dec 2012 16:44:14 GMT" time="2.602" errors="0">
  <testcase name="testInexistantUsernameLogin" time="2.602" classname="com.webdriver.qa.automation.ams.testcases.login.TestAMSInexistantUserLogin"/>
</testsuite> <!-- com.webdriver.qa.automation.ams.testcases.login.TestAMSInexistantUserLogin -->
