<?xml version="1.0" encoding="UTF-8"?>
<!-- Generated by org.testng.reporters.JUnitReportReporter -->
<testsuite hostname="Daniels-MacBook-Pro.local" name="com.webdriver.qa.automation.btr.testcases.aidtraffic.TestNavigationJema" tests="1" failures="0" timestamp="15 Aug 2012 20:17:39 GMT" time="34.205" errors="0">
  <testcase name="testDriveAidCookieNavigationJema" time="34.205" classname="com.webdriver.qa.automation.btr.testcases.aidtraffic.TestNavigationJema"/>
</testsuite> <!-- com.webdriver.qa.automation.btr.testcases.aidtraffic.TestNavigationJema -->
