<?xml version="1.0" encoding="UTF-8"?>
<!-- Generated by org.testng.reporters.JUnitReportReporter -->
<testsuite hostname="new-host.home" name="com.webdriver.qa.automation.ams.testcases.login.TestAMSSuccessfulLogin" tests="1" failures="0" timestamp="21 Jan 2013 17:36:46 GMT" time="91.119" errors="0">
  <testcase name="testAMSSuccessfulLogin" time="91.119" classname="com.webdriver.qa.automation.ams.testcases.login.TestAMSSuccessfulLogin"/>
</testsuite> <!-- com.webdriver.qa.automation.ams.testcases.login.TestAMSSuccessfulLogin -->
