<?xml version="1.0" encoding="UTF-8"?>
<!-- Generated by org.testng.reporters.JUnitReportReporter -->
<testsuite hostname="Daniels-MacBook-Pro.local" name="com.webdriver.qa.automation.ams.testcases.player.urls.TestPlayerTypeSingleManage" tests="1" failures="0" timestamp="7 Aug 2012 22:11:30 GMT" time="10.817" errors="0">
  <testcase name="testPlayerTypeSingleManage" time="10.817" classname="com.webdriver.qa.automation.ams.testcases.player.urls.TestPlayerTypeSingleManage"/>
</testsuite> <!-- com.webdriver.qa.automation.ams.testcases.player.urls.TestPlayerTypeSingleManage -->
