<?xml version="1.0" encoding="UTF-8"?>
<!-- Generated by org.testng.reporters.JUnitReportReporter -->
<testsuite hostname="Daniels-MacBook-Pro.local" name="com.webdriver.qa.automation.btr.testcases.aidtraffic.TestServerResponseHeaderAdon" tests="1" failures="0" timestamp="15 Aug 2012 20:17:39 GMT" time="32.033" errors="0">
  <testcase name="testServerResponseHeaderAdon" time="32.033" classname="com.webdriver.qa.automation.btr.testcases.aidtraffic.TestServerResponseHeaderAdon"/>
</testsuite> <!-- com.webdriver.qa.automation.btr.testcases.aidtraffic.TestServerResponseHeaderAdon -->
