<?xml version="1.0" encoding="UTF-8"?>
<!-- Generated by org.testng.reporters.JUnitReportReporter -->
<testsuite hostname="new-host.home" name="com.webdriver.qa.automation.ams.testcases.login.TestAMSWrongPasswordLogin" tests="1" failures="0" timestamp="24 Dec 2012 16:44:14 GMT" time="2.736" errors="0">
  <testcase name="testWrongPasswordLogin" time="2.736" classname="com.webdriver.qa.automation.ams.testcases.login.TestAMSWrongPasswordLogin"/>
</testsuite> <!-- com.webdriver.qa.automation.ams.testcases.login.TestAMSWrongPasswordLogin -->
