<?xml version="1.0" encoding="UTF-8"?>
<!-- Generated by org.testng.reporters.JUnitReportReporter -->
<testsuite hostname="Daniels-MacBook-Pro.local" name="com.webdriver.qa.automation.btr.testcases.episode.TestCreateNewEpisode" tests="1" failures="0" timestamp="5 Jul 2012 18:57:51 GMT" time="35.353" errors="0">
  <testcase name="testCreateNewEpisode" time="35.353" classname="com.webdriver.qa.automation.btr.testcases.episode.TestCreateNewEpisode"/>
</testsuite> <!-- com.webdriver.qa.automation.btr.testcases.episode.TestCreateNewEpisode -->
