<?xml version="1.0" encoding="UTF-8"?>
<!-- Generated by org.testng.reporters.JUnitReportReporter -->
<testsuite hostname="new-host.home" name="com.webdriver.qa.automation.btr.testcases.login.TestInvalidLogin" tests="1" failures="0" timestamp="24 Dec 2012 17:20:13 GMT" time="8.931" errors="0">
  <testcase name="testInvalidLogin" time="8.931" classname="com.webdriver.qa.automation.btr.testcases.login.TestInvalidLogin"/>
</testsuite> <!-- com.webdriver.qa.automation.btr.testcases.login.TestInvalidLogin -->
