<?xml version="1.0" encoding="UTF-8"?>
<!-- Generated by org.testng.reporters.JUnitReportReporter -->
<testsuite hostname="new-host.home" name="com.webdriver.qa.automation.btr.testcases.useractions.TestListenerLoggedInActions" tests="1" failures="0" timestamp="6 Jul 2012 15:09:56 GMT" time="47.186" errors="0">
  <testcase name="testListenerLoggedInActions" time="47.186" classname="com.webdriver.qa.automation.btr.testcases.useractions.TestListenerLoggedInActions"/>
</testsuite> <!-- com.webdriver.qa.automation.btr.testcases.useractions.TestListenerLoggedInActions -->
