<?xml version="1.0" encoding="UTF-8"?>
<!-- Generated by org.testng.reporters.JUnitReportReporter -->
<testsuite hostname="Daniels-MacBook-Pro.local" name="com.webdriver.qa.automation.btr.testcases.mostrecent.TestMostRecentRandomness" tests="1" failures="0" timestamp="11 Sep 2012 18:58:51 GMT" time="172.606" errors="0">
  <testcase name="testMostRecentRandomness" time="172.606" classname="com.webdriver.qa.automation.btr.testcases.mostrecent.TestMostRecentRandomness"/>
</testsuite> <!-- com.webdriver.qa.automation.btr.testcases.mostrecent.TestMostRecentRandomness -->
